  Main.cpp
C:\Users\adamr\Documents\GitHub\Survival-UniVerse\ConsoleApplication1\Main.cpp(16,35): warning C4305: 'initializing': truncation from 'double' to 'float'
C:\Users\adamr\Documents\GitHub\Survival-UniVerse\ConsoleApplication1\Main.cpp(18,25): warning C4305: 'initializing': truncation from 'double' to 'float'
C:\Users\adamr\Documents\GitHub\Survival-UniVerse\ConsoleApplication1\Main.cpp(257,34): warning C4305: 'initializing': truncation from 'double' to 'const float'
C:\Users\adamr\Documents\GitHub\Survival-UniVerse\ConsoleApplication1\Main.cpp(348,84): warning C4244: 'argument': conversion from 'float' to 'T', possible loss of data
C:\Users\adamr\Documents\GitHub\Survival-UniVerse\ConsoleApplication1\Main.cpp(348,84): warning C4244:         with
C:\Users\adamr\Documents\GitHub\Survival-UniVerse\ConsoleApplication1\Main.cpp(348,84): warning C4244:         [
C:\Users\adamr\Documents\GitHub\Survival-UniVerse\ConsoleApplication1\Main.cpp(348,84): warning C4244:             T=int
C:\Users\adamr\Documents\GitHub\Survival-UniVerse\ConsoleApplication1\Main.cpp(348,84): warning C4244:         ]
C:\Users\adamr\Documents\GitHub\Survival-UniVerse\ConsoleApplication1\Main.cpp(348,71): warning C4244: 'argument': conversion from 'float' to 'T', possible loss of data
C:\Users\adamr\Documents\GitHub\Survival-UniVerse\ConsoleApplication1\Main.cpp(348,71): warning C4244:         with
C:\Users\adamr\Documents\GitHub\Survival-UniVerse\ConsoleApplication1\Main.cpp(348,71): warning C4244:         [
C:\Users\adamr\Documents\GitHub\Survival-UniVerse\ConsoleApplication1\Main.cpp(348,71): warning C4244:             T=int
C:\Users\adamr\Documents\GitHub\Survival-UniVerse\ConsoleApplication1\Main.cpp(348,71): warning C4244:         ]
C:\Users\adamr\Documents\GitHub\Survival-UniVerse\ConsoleApplication1\Main.cpp(348,55): warning C4244: 'argument': conversion from 'float' to 'T', possible loss of data
C:\Users\adamr\Documents\GitHub\Survival-UniVerse\ConsoleApplication1\Main.cpp(348,55): warning C4244:         with
C:\Users\adamr\Documents\GitHub\Survival-UniVerse\ConsoleApplication1\Main.cpp(348,55): warning C4244:         [
C:\Users\adamr\Documents\GitHub\Survival-UniVerse\ConsoleApplication1\Main.cpp(348,55): warning C4244:             T=int
C:\Users\adamr\Documents\GitHub\Survival-UniVerse\ConsoleApplication1\Main.cpp(348,55): warning C4244:         ]
C:\Users\adamr\Documents\GitHub\Survival-UniVerse\ConsoleApplication1\Main.cpp(353,62): warning C4244: 'argument': conversion from 'float' to 'T', possible loss of data
C:\Users\adamr\Documents\GitHub\Survival-UniVerse\ConsoleApplication1\Main.cpp(353,62): warning C4244:         with
C:\Users\adamr\Documents\GitHub\Survival-UniVerse\ConsoleApplication1\Main.cpp(353,62): warning C4244:         [
C:\Users\adamr\Documents\GitHub\Survival-UniVerse\ConsoleApplication1\Main.cpp(353,62): warning C4244:             T=int
C:\Users\adamr\Documents\GitHub\Survival-UniVerse\ConsoleApplication1\Main.cpp(353,62): warning C4244:         ]
C:\Users\adamr\Documents\GitHub\Survival-UniVerse\ConsoleApplication1\Main.cpp(353,49): warning C4244: 'argument': conversion from 'float' to 'T', possible loss of data
C:\Users\adamr\Documents\GitHub\Survival-UniVerse\ConsoleApplication1\Main.cpp(353,49): warning C4244:         with
C:\Users\adamr\Documents\GitHub\Survival-UniVerse\ConsoleApplication1\Main.cpp(353,49): warning C4244:         [
C:\Users\adamr\Documents\GitHub\Survival-UniVerse\ConsoleApplication1\Main.cpp(353,49): warning C4244:             T=int
C:\Users\adamr\Documents\GitHub\Survival-UniVerse\ConsoleApplication1\Main.cpp(353,49): warning C4244:         ]
C:\Users\adamr\Documents\GitHub\Survival-UniVerse\ConsoleApplication1\Main.cpp(378,80): warning C4244: 'argument': conversion from 'float' to 'T', possible loss of data
C:\Users\adamr\Documents\GitHub\Survival-UniVerse\ConsoleApplication1\Main.cpp(378,80): warning C4244:         with
C:\Users\adamr\Documents\GitHub\Survival-UniVerse\ConsoleApplication1\Main.cpp(378,80): warning C4244:         [
C:\Users\adamr\Documents\GitHub\Survival-UniVerse\ConsoleApplication1\Main.cpp(378,80): warning C4244:             T=int
C:\Users\adamr\Documents\GitHub\Survival-UniVerse\ConsoleApplication1\Main.cpp(378,80): warning C4244:         ]
C:\Users\adamr\Documents\GitHub\Survival-UniVerse\ConsoleApplication1\Main.cpp(378,67): warning C4244: 'argument': conversion from 'float' to 'T', possible loss of data
C:\Users\adamr\Documents\GitHub\Survival-UniVerse\ConsoleApplication1\Main.cpp(378,67): warning C4244:         with
C:\Users\adamr\Documents\GitHub\Survival-UniVerse\ConsoleApplication1\Main.cpp(378,67): warning C4244:         [
C:\Users\adamr\Documents\GitHub\Survival-UniVerse\ConsoleApplication1\Main.cpp(378,67): warning C4244:             T=int
C:\Users\adamr\Documents\GitHub\Survival-UniVerse\ConsoleApplication1\Main.cpp(378,67): warning C4244:         ]
C:\Users\adamr\Documents\GitHub\Survival-UniVerse\ConsoleApplication1\Main.cpp(378,51): warning C4244: 'argument': conversion from 'float' to 'T', possible loss of data
C:\Users\adamr\Documents\GitHub\Survival-UniVerse\ConsoleApplication1\Main.cpp(378,51): warning C4244:         with
C:\Users\adamr\Documents\GitHub\Survival-UniVerse\ConsoleApplication1\Main.cpp(378,51): warning C4244:         [
C:\Users\adamr\Documents\GitHub\Survival-UniVerse\ConsoleApplication1\Main.cpp(378,51): warning C4244:             T=int
C:\Users\adamr\Documents\GitHub\Survival-UniVerse\ConsoleApplication1\Main.cpp(378,51): warning C4244:         ]
C:\Users\adamr\Documents\GitHub\Survival-UniVerse\ConsoleApplication1\Main.cpp(413,46): warning C4244: 'argument': conversion from 'int' to 'T', possible loss of data
C:\Users\adamr\Documents\GitHub\Survival-UniVerse\ConsoleApplication1\Main.cpp(413,46): warning C4244:         with
C:\Users\adamr\Documents\GitHub\Survival-UniVerse\ConsoleApplication1\Main.cpp(413,46): warning C4244:         [
C:\Users\adamr\Documents\GitHub\Survival-UniVerse\ConsoleApplication1\Main.cpp(413,46): warning C4244:             T=float
C:\Users\adamr\Documents\GitHub\Survival-UniVerse\ConsoleApplication1\Main.cpp(413,46): warning C4244:         ]
C:\Users\adamr\Documents\GitHub\Survival-UniVerse\ConsoleApplication1\Main.cpp(413,33): warning C4244: 'argument': conversion from 'int' to 'T', possible loss of data
C:\Users\adamr\Documents\GitHub\Survival-UniVerse\ConsoleApplication1\Main.cpp(413,33): warning C4244:         with
C:\Users\adamr\Documents\GitHub\Survival-UniVerse\ConsoleApplication1\Main.cpp(413,33): warning C4244:         [
C:\Users\adamr\Documents\GitHub\Survival-UniVerse\ConsoleApplication1\Main.cpp(413,33): warning C4244:             T=float
C:\Users\adamr\Documents\GitHub\Survival-UniVerse\ConsoleApplication1\Main.cpp(413,33): warning C4244:         ]
C:\Users\adamr\Documents\GitHub\Survival-UniVerse\ConsoleApplication1\Main.cpp(466,28): warning C4244: 'argument': conversion from 'int' to 'float', possible loss of data
C:\Users\adamr\Documents\GitHub\Survival-UniVerse\ConsoleApplication1\Main.cpp(531,24): warning C4305: 'argument': truncation from 'double' to 'float'
C:\Users\adamr\Documents\GitHub\Survival-UniVerse\ConsoleApplication1\Main.cpp(546,46): warning C4305: 'argument': truncation from 'double' to 'float'
C:\Users\adamr\Documents\GitHub\Survival-UniVerse\ConsoleApplication1\Main.cpp(1101,110): warning C4244: 'argument': conversion from 'T' to 'T', possible loss of data
C:\Users\adamr\Documents\GitHub\Survival-UniVerse\ConsoleApplication1\Main.cpp(1101,110): warning C4244:         with
C:\Users\adamr\Documents\GitHub\Survival-UniVerse\ConsoleApplication1\Main.cpp(1101,110): warning C4244:         [
C:\Users\adamr\Documents\GitHub\Survival-UniVerse\ConsoleApplication1\Main.cpp(1101,110): warning C4244:             T=int
C:\Users\adamr\Documents\GitHub\Survival-UniVerse\ConsoleApplication1\Main.cpp(1101,110): warning C4244:         ]
C:\Users\adamr\Documents\GitHub\Survival-UniVerse\ConsoleApplication1\Main.cpp(1101,110): warning C4244:         and
C:\Users\adamr\Documents\GitHub\Survival-UniVerse\ConsoleApplication1\Main.cpp(1101,110): warning C4244:         [
C:\Users\adamr\Documents\GitHub\Survival-UniVerse\ConsoleApplication1\Main.cpp(1101,110): warning C4244:             T=float
C:\Users\adamr\Documents\GitHub\Survival-UniVerse\ConsoleApplication1\Main.cpp(1101,110): warning C4244:         ]
C:\Users\adamr\Documents\GitHub\Survival-UniVerse\ConsoleApplication1\Main.cpp(1101,80): warning C4244: 'argument': conversion from 'T' to 'T', possible loss of data
C:\Users\adamr\Documents\GitHub\Survival-UniVerse\ConsoleApplication1\Main.cpp(1101,80): warning C4244:         with
C:\Users\adamr\Documents\GitHub\Survival-UniVerse\ConsoleApplication1\Main.cpp(1101,80): warning C4244:         [
C:\Users\adamr\Documents\GitHub\Survival-UniVerse\ConsoleApplication1\Main.cpp(1101,80): warning C4244:             T=int
C:\Users\adamr\Documents\GitHub\Survival-UniVerse\ConsoleApplication1\Main.cpp(1101,80): warning C4244:         ]
C:\Users\adamr\Documents\GitHub\Survival-UniVerse\ConsoleApplication1\Main.cpp(1101,80): warning C4244:         and
C:\Users\adamr\Documents\GitHub\Survival-UniVerse\ConsoleApplication1\Main.cpp(1101,80): warning C4244:         [
C:\Users\adamr\Documents\GitHub\Survival-UniVerse\ConsoleApplication1\Main.cpp(1101,80): warning C4244:             T=float
C:\Users\adamr\Documents\GitHub\Survival-UniVerse\ConsoleApplication1\Main.cpp(1101,80): warning C4244:         ]
C:\Users\adamr\Documents\GitHub\Survival-UniVerse\ConsoleApplication1\Main.cpp(1121,110): warning C4244: 'argument': conversion from 'T' to 'T', possible loss of data
C:\Users\adamr\Documents\GitHub\Survival-UniVerse\ConsoleApplication1\Main.cpp(1121,110): warning C4244:         with
C:\Users\adamr\Documents\GitHub\Survival-UniVerse\ConsoleApplication1\Main.cpp(1121,110): warning C4244:         [
C:\Users\adamr\Documents\GitHub\Survival-UniVerse\ConsoleApplication1\Main.cpp(1121,110): warning C4244:             T=int
C:\Users\adamr\Documents\GitHub\Survival-UniVerse\ConsoleApplication1\Main.cpp(1121,110): warning C4244:         ]
C:\Users\adamr\Documents\GitHub\Survival-UniVerse\ConsoleApplication1\Main.cpp(1121,110): warning C4244:         and
C:\Users\adamr\Documents\GitHub\Survival-UniVerse\ConsoleApplication1\Main.cpp(1121,110): warning C4244:         [
C:\Users\adamr\Documents\GitHub\Survival-UniVerse\ConsoleApplication1\Main.cpp(1121,110): warning C4244:             T=float
C:\Users\adamr\Documents\GitHub\Survival-UniVerse\ConsoleApplication1\Main.cpp(1121,110): warning C4244:         ]
C:\Users\adamr\Documents\GitHub\Survival-UniVerse\ConsoleApplication1\Main.cpp(1121,80): warning C4244: 'argument': conversion from 'T' to 'T', possible loss of data
C:\Users\adamr\Documents\GitHub\Survival-UniVerse\ConsoleApplication1\Main.cpp(1121,80): warning C4244:         with
C:\Users\adamr\Documents\GitHub\Survival-UniVerse\ConsoleApplication1\Main.cpp(1121,80): warning C4244:         [
C:\Users\adamr\Documents\GitHub\Survival-UniVerse\ConsoleApplication1\Main.cpp(1121,80): warning C4244:             T=int
C:\Users\adamr\Documents\GitHub\Survival-UniVerse\ConsoleApplication1\Main.cpp(1121,80): warning C4244:         ]
C:\Users\adamr\Documents\GitHub\Survival-UniVerse\ConsoleApplication1\Main.cpp(1121,80): warning C4244:         and
C:\Users\adamr\Documents\GitHub\Survival-UniVerse\ConsoleApplication1\Main.cpp(1121,80): warning C4244:         [
C:\Users\adamr\Documents\GitHub\Survival-UniVerse\ConsoleApplication1\Main.cpp(1121,80): warning C4244:             T=float
C:\Users\adamr\Documents\GitHub\Survival-UniVerse\ConsoleApplication1\Main.cpp(1121,80): warning C4244:         ]
C:\Users\adamr\Documents\GitHub\Survival-UniVerse\ConsoleApplication1\Main.cpp(1150,113): warning C4244: 'argument': conversion from 'T' to 'T', possible loss of data
C:\Users\adamr\Documents\GitHub\Survival-UniVerse\ConsoleApplication1\Main.cpp(1150,113): warning C4244:         with
C:\Users\adamr\Documents\GitHub\Survival-UniVerse\ConsoleApplication1\Main.cpp(1150,113): warning C4244:         [
C:\Users\adamr\Documents\GitHub\Survival-UniVerse\ConsoleApplication1\Main.cpp(1150,113): warning C4244:             T=int
C:\Users\adamr\Documents\GitHub\Survival-UniVerse\ConsoleApplication1\Main.cpp(1150,113): warning C4244:         ]
C:\Users\adamr\Documents\GitHub\Survival-UniVerse\ConsoleApplication1\Main.cpp(1150,113): warning C4244:         and
C:\Users\adamr\Documents\GitHub\Survival-UniVerse\ConsoleApplication1\Main.cpp(1150,113): warning C4244:         [
C:\Users\adamr\Documents\GitHub\Survival-UniVerse\ConsoleApplication1\Main.cpp(1150,113): warning C4244:             T=float
C:\Users\adamr\Documents\GitHub\Survival-UniVerse\ConsoleApplication1\Main.cpp(1150,113): warning C4244:         ]
C:\Users\adamr\Documents\GitHub\Survival-UniVerse\ConsoleApplication1\Main.cpp(1150,83): warning C4244: 'argument': conversion from 'T' to 'T', possible loss of data
C:\Users\adamr\Documents\GitHub\Survival-UniVerse\ConsoleApplication1\Main.cpp(1150,83): warning C4244:         with
C:\Users\adamr\Documents\GitHub\Survival-UniVerse\ConsoleApplication1\Main.cpp(1150,83): warning C4244:         [
C:\Users\adamr\Documents\GitHub\Survival-UniVerse\ConsoleApplication1\Main.cpp(1150,83): warning C4244:             T=int
C:\Users\adamr\Documents\GitHub\Survival-UniVerse\ConsoleApplication1\Main.cpp(1150,83): warning C4244:         ]
C:\Users\adamr\Documents\GitHub\Survival-UniVerse\ConsoleApplication1\Main.cpp(1150,83): warning C4244:         and
C:\Users\adamr\Documents\GitHub\Survival-UniVerse\ConsoleApplication1\Main.cpp(1150,83): warning C4244:         [
C:\Users\adamr\Documents\GitHub\Survival-UniVerse\ConsoleApplication1\Main.cpp(1150,83): warning C4244:             T=float
C:\Users\adamr\Documents\GitHub\Survival-UniVerse\ConsoleApplication1\Main.cpp(1150,83): warning C4244:         ]
C:\Users\adamr\Documents\GitHub\Survival-UniVerse\ConsoleApplication1\Main.cpp(1166,110): warning C4244: 'argument': conversion from 'T' to 'T', possible loss of data
C:\Users\adamr\Documents\GitHub\Survival-UniVerse\ConsoleApplication1\Main.cpp(1166,110): warning C4244:         with
C:\Users\adamr\Documents\GitHub\Survival-UniVerse\ConsoleApplication1\Main.cpp(1166,110): warning C4244:         [
C:\Users\adamr\Documents\GitHub\Survival-UniVerse\ConsoleApplication1\Main.cpp(1166,110): warning C4244:             T=int
C:\Users\adamr\Documents\GitHub\Survival-UniVerse\ConsoleApplication1\Main.cpp(1166,110): warning C4244:         ]
C:\Users\adamr\Documents\GitHub\Survival-UniVerse\ConsoleApplication1\Main.cpp(1166,110): warning C4244:         and
C:\Users\adamr\Documents\GitHub\Survival-UniVerse\ConsoleApplication1\Main.cpp(1166,110): warning C4244:         [
C:\Users\adamr\Documents\GitHub\Survival-UniVerse\ConsoleApplication1\Main.cpp(1166,110): warning C4244:             T=float
C:\Users\adamr\Documents\GitHub\Survival-UniVerse\ConsoleApplication1\Main.cpp(1166,110): warning C4244:         ]
C:\Users\adamr\Documents\GitHub\Survival-UniVerse\ConsoleApplication1\Main.cpp(1166,80): warning C4244: 'argument': conversion from 'T' to 'T', possible loss of data
C:\Users\adamr\Documents\GitHub\Survival-UniVerse\ConsoleApplication1\Main.cpp(1166,80): warning C4244:         with
C:\Users\adamr\Documents\GitHub\Survival-UniVerse\ConsoleApplication1\Main.cpp(1166,80): warning C4244:         [
C:\Users\adamr\Documents\GitHub\Survival-UniVerse\ConsoleApplication1\Main.cpp(1166,80): warning C4244:             T=int
C:\Users\adamr\Documents\GitHub\Survival-UniVerse\ConsoleApplication1\Main.cpp(1166,80): warning C4244:         ]
C:\Users\adamr\Documents\GitHub\Survival-UniVerse\ConsoleApplication1\Main.cpp(1166,80): warning C4244:         and
C:\Users\adamr\Documents\GitHub\Survival-UniVerse\ConsoleApplication1\Main.cpp(1166,80): warning C4244:         [
C:\Users\adamr\Documents\GitHub\Survival-UniVerse\ConsoleApplication1\Main.cpp(1166,80): warning C4244:             T=float
C:\Users\adamr\Documents\GitHub\Survival-UniVerse\ConsoleApplication1\Main.cpp(1166,80): warning C4244:         ]
C:\Users\adamr\Documents\GitHub\Survival-UniVerse\ConsoleApplication1\Main.cpp(1191,24): warning C4244: 'initializing': conversion from 'double' to 'float', possible loss of data
C:\Users\adamr\Documents\GitHub\Survival-UniVerse\ConsoleApplication1\Main.cpp(1232,47): warning C4244: '-=': conversion from 'float' to 'int', possible loss of data
C:\Users\adamr\Documents\GitHub\Survival-UniVerse\ConsoleApplication1\Main.cpp(1305,15): warning C4244: 'initializing': conversion from 'double' to 'float', possible loss of data
C:\Users\adamr\Documents\GitHub\Survival-UniVerse\ConsoleApplication1\Main.cpp(1369,111): warning C4244: 'argument': conversion from 'T' to 'T', possible loss of data
C:\Users\adamr\Documents\GitHub\Survival-UniVerse\ConsoleApplication1\Main.cpp(1369,111): warning C4244:         with
C:\Users\adamr\Documents\GitHub\Survival-UniVerse\ConsoleApplication1\Main.cpp(1369,111): warning C4244:         [
C:\Users\adamr\Documents\GitHub\Survival-UniVerse\ConsoleApplication1\Main.cpp(1369,111): warning C4244:             T=int
C:\Users\adamr\Documents\GitHub\Survival-UniVerse\ConsoleApplication1\Main.cpp(1369,111): warning C4244:         ]
C:\Users\adamr\Documents\GitHub\Survival-UniVerse\ConsoleApplication1\Main.cpp(1369,111): warning C4244:         and
C:\Users\adamr\Documents\GitHub\Survival-UniVerse\ConsoleApplication1\Main.cpp(1369,111): warning C4244:         [
C:\Users\adamr\Documents\GitHub\Survival-UniVerse\ConsoleApplication1\Main.cpp(1369,111): warning C4244:             T=float
C:\Users\adamr\Documents\GitHub\Survival-UniVerse\ConsoleApplication1\Main.cpp(1369,111): warning C4244:         ]
C:\Users\adamr\Documents\GitHub\Survival-UniVerse\ConsoleApplication1\Main.cpp(1369,81): warning C4244: 'argument': conversion from 'T' to 'T', possible loss of data
C:\Users\adamr\Documents\GitHub\Survival-UniVerse\ConsoleApplication1\Main.cpp(1369,81): warning C4244:         with
C:\Users\adamr\Documents\GitHub\Survival-UniVerse\ConsoleApplication1\Main.cpp(1369,81): warning C4244:         [
C:\Users\adamr\Documents\GitHub\Survival-UniVerse\ConsoleApplication1\Main.cpp(1369,81): warning C4244:             T=int
C:\Users\adamr\Documents\GitHub\Survival-UniVerse\ConsoleApplication1\Main.cpp(1369,81): warning C4244:         ]
C:\Users\adamr\Documents\GitHub\Survival-UniVerse\ConsoleApplication1\Main.cpp(1369,81): warning C4244:         and
C:\Users\adamr\Documents\GitHub\Survival-UniVerse\ConsoleApplication1\Main.cpp(1369,81): warning C4244:         [
C:\Users\adamr\Documents\GitHub\Survival-UniVerse\ConsoleApplication1\Main.cpp(1369,81): warning C4244:             T=float
C:\Users\adamr\Documents\GitHub\Survival-UniVerse\ConsoleApplication1\Main.cpp(1369,81): warning C4244:         ]
C:\Users\adamr\Documents\GitHub\Survival-UniVerse\ConsoleApplication1\Main.cpp(1375,35): warning C4305: 'argument': truncation from 'double' to 'float'
C:\Users\adamr\Documents\GitHub\Survival-UniVerse\ConsoleApplication1\Main.cpp(1391,31): warning C4305: 'argument': truncation from 'double' to 'float'
C:\Users\adamr\Documents\GitHub\Survival-UniVerse\ConsoleApplication1\Main.cpp(1400,116): warning C4244: 'argument': conversion from 'T' to 'T', possible loss of data
C:\Users\adamr\Documents\GitHub\Survival-UniVerse\ConsoleApplication1\Main.cpp(1400,116): warning C4244:         with
C:\Users\adamr\Documents\GitHub\Survival-UniVerse\ConsoleApplication1\Main.cpp(1400,116): warning C4244:         [
C:\Users\adamr\Documents\GitHub\Survival-UniVerse\ConsoleApplication1\Main.cpp(1400,116): warning C4244:             T=int
C:\Users\adamr\Documents\GitHub\Survival-UniVerse\ConsoleApplication1\Main.cpp(1400,116): warning C4244:         ]
C:\Users\adamr\Documents\GitHub\Survival-UniVerse\ConsoleApplication1\Main.cpp(1400,116): warning C4244:         and
C:\Users\adamr\Documents\GitHub\Survival-UniVerse\ConsoleApplication1\Main.cpp(1400,116): warning C4244:         [
C:\Users\adamr\Documents\GitHub\Survival-UniVerse\ConsoleApplication1\Main.cpp(1400,116): warning C4244:             T=float
C:\Users\adamr\Documents\GitHub\Survival-UniVerse\ConsoleApplication1\Main.cpp(1400,116): warning C4244:         ]
C:\Users\adamr\Documents\GitHub\Survival-UniVerse\ConsoleApplication1\Main.cpp(1400,86): warning C4244: 'argument': conversion from 'T' to 'T', possible loss of data
C:\Users\adamr\Documents\GitHub\Survival-UniVerse\ConsoleApplication1\Main.cpp(1400,86): warning C4244:         with
C:\Users\adamr\Documents\GitHub\Survival-UniVerse\ConsoleApplication1\Main.cpp(1400,86): warning C4244:         [
C:\Users\adamr\Documents\GitHub\Survival-UniVerse\ConsoleApplication1\Main.cpp(1400,86): warning C4244:             T=int
C:\Users\adamr\Documents\GitHub\Survival-UniVerse\ConsoleApplication1\Main.cpp(1400,86): warning C4244:         ]
C:\Users\adamr\Documents\GitHub\Survival-UniVerse\ConsoleApplication1\Main.cpp(1400,86): warning C4244:         and
C:\Users\adamr\Documents\GitHub\Survival-UniVerse\ConsoleApplication1\Main.cpp(1400,86): warning C4244:         [
C:\Users\adamr\Documents\GitHub\Survival-UniVerse\ConsoleApplication1\Main.cpp(1400,86): warning C4244:             T=float
C:\Users\adamr\Documents\GitHub\Survival-UniVerse\ConsoleApplication1\Main.cpp(1400,86): warning C4244:         ]
C:\Users\adamr\Documents\GitHub\Survival-UniVerse\ConsoleApplication1\Main.cpp(1419,116): warning C4244: 'argument': conversion from 'T' to 'T', possible loss of data
C:\Users\adamr\Documents\GitHub\Survival-UniVerse\ConsoleApplication1\Main.cpp(1419,116): warning C4244:         with
C:\Users\adamr\Documents\GitHub\Survival-UniVerse\ConsoleApplication1\Main.cpp(1419,116): warning C4244:         [
C:\Users\adamr\Documents\GitHub\Survival-UniVerse\ConsoleApplication1\Main.cpp(1419,116): warning C4244:             T=int
C:\Users\adamr\Documents\GitHub\Survival-UniVerse\ConsoleApplication1\Main.cpp(1419,116): warning C4244:         ]
C:\Users\adamr\Documents\GitHub\Survival-UniVerse\ConsoleApplication1\Main.cpp(1419,116): warning C4244:         and
C:\Users\adamr\Documents\GitHub\Survival-UniVerse\ConsoleApplication1\Main.cpp(1419,116): warning C4244:         [
C:\Users\adamr\Documents\GitHub\Survival-UniVerse\ConsoleApplication1\Main.cpp(1419,116): warning C4244:             T=float
C:\Users\adamr\Documents\GitHub\Survival-UniVerse\ConsoleApplication1\Main.cpp(1419,116): warning C4244:         ]
C:\Users\adamr\Documents\GitHub\Survival-UniVerse\ConsoleApplication1\Main.cpp(1419,86): warning C4244: 'argument': conversion from 'T' to 'T', possible loss of data
C:\Users\adamr\Documents\GitHub\Survival-UniVerse\ConsoleApplication1\Main.cpp(1419,86): warning C4244:         with
C:\Users\adamr\Documents\GitHub\Survival-UniVerse\ConsoleApplication1\Main.cpp(1419,86): warning C4244:         [
C:\Users\adamr\Documents\GitHub\Survival-UniVerse\ConsoleApplication1\Main.cpp(1419,86): warning C4244:             T=int
C:\Users\adamr\Documents\GitHub\Survival-UniVerse\ConsoleApplication1\Main.cpp(1419,86): warning C4244:         ]
C:\Users\adamr\Documents\GitHub\Survival-UniVerse\ConsoleApplication1\Main.cpp(1419,86): warning C4244:         and
C:\Users\adamr\Documents\GitHub\Survival-UniVerse\ConsoleApplication1\Main.cpp(1419,86): warning C4244:         [
C:\Users\adamr\Documents\GitHub\Survival-UniVerse\ConsoleApplication1\Main.cpp(1419,86): warning C4244:             T=float
C:\Users\adamr\Documents\GitHub\Survival-UniVerse\ConsoleApplication1\Main.cpp(1419,86): warning C4244:         ]
C:\Users\adamr\Documents\GitHub\Survival-UniVerse\ConsoleApplication1\Main.cpp(1611,47): warning C4244: 'return': conversion from 'float' to 'int', possible loss of data
C:\Users\adamr\Documents\GitHub\Survival-UniVerse\ConsoleApplication1\Main.cpp(1664,46): warning C4305: 'argument': truncation from 'double' to 'float'
C:\Users\adamr\Documents\GitHub\Survival-UniVerse\ConsoleApplication1\Main.cpp(1703,47): warning C4244: '-=': conversion from 'float' to 'int', possible loss of data
C:\Users\adamr\Documents\GitHub\Survival-UniVerse\ConsoleApplication1\Main.cpp(1815,118): warning C4244: 'argument': conversion from 'T' to 'T', possible loss of data
C:\Users\adamr\Documents\GitHub\Survival-UniVerse\ConsoleApplication1\Main.cpp(1815,118): warning C4244:         with
C:\Users\adamr\Documents\GitHub\Survival-UniVerse\ConsoleApplication1\Main.cpp(1815,118): warning C4244:         [
C:\Users\adamr\Documents\GitHub\Survival-UniVerse\ConsoleApplication1\Main.cpp(1815,118): warning C4244:             T=int
C:\Users\adamr\Documents\GitHub\Survival-UniVerse\ConsoleApplication1\Main.cpp(1815,118): warning C4244:         ]
C:\Users\adamr\Documents\GitHub\Survival-UniVerse\ConsoleApplication1\Main.cpp(1815,118): warning C4244:         and
C:\Users\adamr\Documents\GitHub\Survival-UniVerse\ConsoleApplication1\Main.cpp(1815,118): warning C4244:         [
C:\Users\adamr\Documents\GitHub\Survival-UniVerse\ConsoleApplication1\Main.cpp(1815,118): warning C4244:             T=float
C:\Users\adamr\Documents\GitHub\Survival-UniVerse\ConsoleApplication1\Main.cpp(1815,118): warning C4244:         ]
C:\Users\adamr\Documents\GitHub\Survival-UniVerse\ConsoleApplication1\Main.cpp(1815,88): warning C4244: 'argument': conversion from 'T' to 'T', possible loss of data
C:\Users\adamr\Documents\GitHub\Survival-UniVerse\ConsoleApplication1\Main.cpp(1815,88): warning C4244:         with
C:\Users\adamr\Documents\GitHub\Survival-UniVerse\ConsoleApplication1\Main.cpp(1815,88): warning C4244:         [
C:\Users\adamr\Documents\GitHub\Survival-UniVerse\ConsoleApplication1\Main.cpp(1815,88): warning C4244:             T=int
C:\Users\adamr\Documents\GitHub\Survival-UniVerse\ConsoleApplication1\Main.cpp(1815,88): warning C4244:         ]
C:\Users\adamr\Documents\GitHub\Survival-UniVerse\ConsoleApplication1\Main.cpp(1815,88): warning C4244:         and
C:\Users\adamr\Documents\GitHub\Survival-UniVerse\ConsoleApplication1\Main.cpp(1815,88): warning C4244:         [
C:\Users\adamr\Documents\GitHub\Survival-UniVerse\ConsoleApplication1\Main.cpp(1815,88): warning C4244:             T=float
C:\Users\adamr\Documents\GitHub\Survival-UniVerse\ConsoleApplication1\Main.cpp(1815,88): warning C4244:         ]
C:\Users\adamr\Documents\GitHub\Survival-UniVerse\ConsoleApplication1\Main.cpp(1868,18): warning C4244: 'initializing': conversion from 'double' to 'float', possible loss of data
C:\Users\adamr\Documents\GitHub\Survival-UniVerse\ConsoleApplication1\Main.cpp(1881,15): warning C4244: 'argument': conversion from 'time_t' to 'unsigned int', possible loss of data
C:\Users\adamr\Documents\GitHub\Survival-UniVerse\ConsoleApplication1\Main.cpp(1898,75): warning C4244: 'argument': conversion from 'int' to 'float', possible loss of data
C:\Users\adamr\Documents\GitHub\Survival-UniVerse\ConsoleApplication1\Main.cpp(2049,110): warning C4244: 'argument': conversion from 'T' to 'T', possible loss of data
C:\Users\adamr\Documents\GitHub\Survival-UniVerse\ConsoleApplication1\Main.cpp(2049,110): warning C4244:         with
C:\Users\adamr\Documents\GitHub\Survival-UniVerse\ConsoleApplication1\Main.cpp(2049,110): warning C4244:         [
C:\Users\adamr\Documents\GitHub\Survival-UniVerse\ConsoleApplication1\Main.cpp(2049,110): warning C4244:             T=int
C:\Users\adamr\Documents\GitHub\Survival-UniVerse\ConsoleApplication1\Main.cpp(2049,110): warning C4244:         ]
C:\Users\adamr\Documents\GitHub\Survival-UniVerse\ConsoleApplication1\Main.cpp(2049,110): warning C4244:         and
C:\Users\adamr\Documents\GitHub\Survival-UniVerse\ConsoleApplication1\Main.cpp(2049,110): warning C4244:         [
C:\Users\adamr\Documents\GitHub\Survival-UniVerse\ConsoleApplication1\Main.cpp(2049,110): warning C4244:             T=float
C:\Users\adamr\Documents\GitHub\Survival-UniVerse\ConsoleApplication1\Main.cpp(2049,110): warning C4244:         ]
C:\Users\adamr\Documents\GitHub\Survival-UniVerse\ConsoleApplication1\Main.cpp(2049,80): warning C4244: 'argument': conversion from 'T' to 'T', possible loss of data
C:\Users\adamr\Documents\GitHub\Survival-UniVerse\ConsoleApplication1\Main.cpp(2049,80): warning C4244:         with
C:\Users\adamr\Documents\GitHub\Survival-UniVerse\ConsoleApplication1\Main.cpp(2049,80): warning C4244:         [
C:\Users\adamr\Documents\GitHub\Survival-UniVerse\ConsoleApplication1\Main.cpp(2049,80): warning C4244:             T=int
C:\Users\adamr\Documents\GitHub\Survival-UniVerse\ConsoleApplication1\Main.cpp(2049,80): warning C4244:         ]
C:\Users\adamr\Documents\GitHub\Survival-UniVerse\ConsoleApplication1\Main.cpp(2049,80): warning C4244:         and
C:\Users\adamr\Documents\GitHub\Survival-UniVerse\ConsoleApplication1\Main.cpp(2049,80): warning C4244:         [
C:\Users\adamr\Documents\GitHub\Survival-UniVerse\ConsoleApplication1\Main.cpp(2049,80): warning C4244:             T=float
C:\Users\adamr\Documents\GitHub\Survival-UniVerse\ConsoleApplication1\Main.cpp(2049,80): warning C4244:         ]
C:\Users\adamr\Documents\GitHub\Survival-UniVerse\ConsoleApplication1\Main.cpp(2068,110): warning C4244: 'argument': conversion from 'T' to 'T', possible loss of data
C:\Users\adamr\Documents\GitHub\Survival-UniVerse\ConsoleApplication1\Main.cpp(2068,110): warning C4244:         with
C:\Users\adamr\Documents\GitHub\Survival-UniVerse\ConsoleApplication1\Main.cpp(2068,110): warning C4244:         [
C:\Users\adamr\Documents\GitHub\Survival-UniVerse\ConsoleApplication1\Main.cpp(2068,110): warning C4244:             T=int
C:\Users\adamr\Documents\GitHub\Survival-UniVerse\ConsoleApplication1\Main.cpp(2068,110): warning C4244:         ]
C:\Users\adamr\Documents\GitHub\Survival-UniVerse\ConsoleApplication1\Main.cpp(2068,110): warning C4244:         and
C:\Users\adamr\Documents\GitHub\Survival-UniVerse\ConsoleApplication1\Main.cpp(2068,110): warning C4244:         [
C:\Users\adamr\Documents\GitHub\Survival-UniVerse\ConsoleApplication1\Main.cpp(2068,110): warning C4244:             T=float
C:\Users\adamr\Documents\GitHub\Survival-UniVerse\ConsoleApplication1\Main.cpp(2068,110): warning C4244:         ]
C:\Users\adamr\Documents\GitHub\Survival-UniVerse\ConsoleApplication1\Main.cpp(2068,80): warning C4244: 'argument': conversion from 'T' to 'T', possible loss of data
C:\Users\adamr\Documents\GitHub\Survival-UniVerse\ConsoleApplication1\Main.cpp(2068,80): warning C4244:         with
C:\Users\adamr\Documents\GitHub\Survival-UniVerse\ConsoleApplication1\Main.cpp(2068,80): warning C4244:         [
C:\Users\adamr\Documents\GitHub\Survival-UniVerse\ConsoleApplication1\Main.cpp(2068,80): warning C4244:             T=int
C:\Users\adamr\Documents\GitHub\Survival-UniVerse\ConsoleApplication1\Main.cpp(2068,80): warning C4244:         ]
C:\Users\adamr\Documents\GitHub\Survival-UniVerse\ConsoleApplication1\Main.cpp(2068,80): warning C4244:         and
C:\Users\adamr\Documents\GitHub\Survival-UniVerse\ConsoleApplication1\Main.cpp(2068,80): warning C4244:         [
C:\Users\adamr\Documents\GitHub\Survival-UniVerse\ConsoleApplication1\Main.cpp(2068,80): warning C4244:             T=float
C:\Users\adamr\Documents\GitHub\Survival-UniVerse\ConsoleApplication1\Main.cpp(2068,80): warning C4244:         ]
C:\Users\adamr\Documents\GitHub\Survival-UniVerse\ConsoleApplication1\Main.cpp(2087,113): warning C4244: 'argument': conversion from 'T' to 'T', possible loss of data
C:\Users\adamr\Documents\GitHub\Survival-UniVerse\ConsoleApplication1\Main.cpp(2087,113): warning C4244:         with
C:\Users\adamr\Documents\GitHub\Survival-UniVerse\ConsoleApplication1\Main.cpp(2087,113): warning C4244:         [
C:\Users\adamr\Documents\GitHub\Survival-UniVerse\ConsoleApplication1\Main.cpp(2087,113): warning C4244:             T=int
C:\Users\adamr\Documents\GitHub\Survival-UniVerse\ConsoleApplication1\Main.cpp(2087,113): warning C4244:         ]
C:\Users\adamr\Documents\GitHub\Survival-UniVerse\ConsoleApplication1\Main.cpp(2087,113): warning C4244:         and
C:\Users\adamr\Documents\GitHub\Survival-UniVerse\ConsoleApplication1\Main.cpp(2087,113): warning C4244:         [
C:\Users\adamr\Documents\GitHub\Survival-UniVerse\ConsoleApplication1\Main.cpp(2087,113): warning C4244:             T=float
C:\Users\adamr\Documents\GitHub\Survival-UniVerse\ConsoleApplication1\Main.cpp(2087,113): warning C4244:         ]
C:\Users\adamr\Documents\GitHub\Survival-UniVerse\ConsoleApplication1\Main.cpp(2087,83): warning C4244: 'argument': conversion from 'T' to 'T', possible loss of data
C:\Users\adamr\Documents\GitHub\Survival-UniVerse\ConsoleApplication1\Main.cpp(2087,83): warning C4244:         with
C:\Users\adamr\Documents\GitHub\Survival-UniVerse\ConsoleApplication1\Main.cpp(2087,83): warning C4244:         [
C:\Users\adamr\Documents\GitHub\Survival-UniVerse\ConsoleApplication1\Main.cpp(2087,83): warning C4244:             T=int
C:\Users\adamr\Documents\GitHub\Survival-UniVerse\ConsoleApplication1\Main.cpp(2087,83): warning C4244:         ]
C:\Users\adamr\Documents\GitHub\Survival-UniVerse\ConsoleApplication1\Main.cpp(2087,83): warning C4244:         and
C:\Users\adamr\Documents\GitHub\Survival-UniVerse\ConsoleApplication1\Main.cpp(2087,83): warning C4244:         [
C:\Users\adamr\Documents\GitHub\Survival-UniVerse\ConsoleApplication1\Main.cpp(2087,83): warning C4244:             T=float
C:\Users\adamr\Documents\GitHub\Survival-UniVerse\ConsoleApplication1\Main.cpp(2087,83): warning C4244:         ]
C:\Users\adamr\Documents\GitHub\Survival-UniVerse\ConsoleApplication1\Main.cpp(2113,116): warning C4244: 'argument': conversion from 'T' to 'T', possible loss of data
C:\Users\adamr\Documents\GitHub\Survival-UniVerse\ConsoleApplication1\Main.cpp(2113,116): warning C4244:         with
C:\Users\adamr\Documents\GitHub\Survival-UniVerse\ConsoleApplication1\Main.cpp(2113,116): warning C4244:         [
C:\Users\adamr\Documents\GitHub\Survival-UniVerse\ConsoleApplication1\Main.cpp(2113,116): warning C4244:             T=int
C:\Users\adamr\Documents\GitHub\Survival-UniVerse\ConsoleApplication1\Main.cpp(2113,116): warning C4244:         ]
C:\Users\adamr\Documents\GitHub\Survival-UniVerse\ConsoleApplication1\Main.cpp(2113,116): warning C4244:         and
C:\Users\adamr\Documents\GitHub\Survival-UniVerse\ConsoleApplication1\Main.cpp(2113,116): warning C4244:         [
C:\Users\adamr\Documents\GitHub\Survival-UniVerse\ConsoleApplication1\Main.cpp(2113,116): warning C4244:             T=float
C:\Users\adamr\Documents\GitHub\Survival-UniVerse\ConsoleApplication1\Main.cpp(2113,116): warning C4244:         ]
C:\Users\adamr\Documents\GitHub\Survival-UniVerse\ConsoleApplication1\Main.cpp(2113,86): warning C4244: 'argument': conversion from 'T' to 'T', possible loss of data
C:\Users\adamr\Documents\GitHub\Survival-UniVerse\ConsoleApplication1\Main.cpp(2113,86): warning C4244:         with
C:\Users\adamr\Documents\GitHub\Survival-UniVerse\ConsoleApplication1\Main.cpp(2113,86): warning C4244:         [
C:\Users\adamr\Documents\GitHub\Survival-UniVerse\ConsoleApplication1\Main.cpp(2113,86): warning C4244:             T=int
C:\Users\adamr\Documents\GitHub\Survival-UniVerse\ConsoleApplication1\Main.cpp(2113,86): warning C4244:         ]
C:\Users\adamr\Documents\GitHub\Survival-UniVerse\ConsoleApplication1\Main.cpp(2113,86): warning C4244:         and
C:\Users\adamr\Documents\GitHub\Survival-UniVerse\ConsoleApplication1\Main.cpp(2113,86): warning C4244:         [
C:\Users\adamr\Documents\GitHub\Survival-UniVerse\ConsoleApplication1\Main.cpp(2113,86): warning C4244:             T=float
C:\Users\adamr\Documents\GitHub\Survival-UniVerse\ConsoleApplication1\Main.cpp(2113,86): warning C4244:         ]
Main.obj : error LNK2001: unresolved external symbol "__declspec(dllimport) class sf::Time & __cdecl sf::operator+=(class sf::Time &,class sf::Time)" (__imp_??Ysf@@YAAEAVTime@0@AEAV10@V10@@Z)
Main.obj : error LNK2001: unresolved external symbol "__declspec(dllimport) public: static class sf::RenderStates const sf::RenderStates::Default" (__imp_?Default@RenderStates@sf@@2V12@B)
Main.obj : error LNK2001: unresolved external symbol "__declspec(dllimport) public: class sf::Time __cdecl sf::Clock::restart(void)" (__imp_?restart@Clock@sf@@QEAA?AVTime@2@XZ)
Main.obj : error LNK2001: unresolved external symbol "__declspec(dllimport) public: class sf::Time __cdecl sf::Clock::getElapsedTime(void)const " (__imp_?getElapsedTime@Clock@sf@@QEBA?AVTime@2@XZ)
Main.obj : error LNK2001: unresolved external symbol "__declspec(dllimport) public: __cdecl sf::Clock::Clock(void)" (__imp_??0Clock@sf@@QEAA@XZ)
Main.obj : error LNK2001: unresolved external symbol "__declspec(dllimport) public: static class sf::Color const sf::Color::White" (__imp_?White@Color@sf@@2V12@B)
Main.obj : error LNK2001: unresolved external symbol "__declspec(dllimport) public: static class sf::Time const sf::Time::Zero" (__imp_?Zero@Time@sf@@2V12@B)
Main.obj : error LNK2001: unresolved external symbol "__declspec(dllimport) public: float __cdecl sf::Time::asSeconds(void)const " (__imp_?asSeconds@Time@sf@@QEBAMXZ)
Main.obj : error LNK2001: unresolved external symbol "__declspec(dllimport) public: __cdecl sf::Time::Time(void)" (__imp_??0Time@sf@@QEAA@XZ)
Main.obj : error LNK2001: unresolved external symbol "__declspec(dllimport) public: void __cdecl sf::Transformable::move(float,float)" (__imp_?move@Transformable@sf@@QEAAXMM@Z)
Main.obj : error LNK2001: unresolved external symbol "__declspec(dllimport) public: void __cdecl sf::Transformable::move(class sf::Vector2<float> const &)" (__imp_?move@Transformable@sf@@QEAAXAEBV?$Vector2@M@2@@Z)
Main.obj : error LNK2001: unresolved external symbol "__declspec(dllimport) public: class sf::Vector2<float> const & __cdecl sf::Transformable::getScale(void)const " (__imp_?getScale@Transformable@sf@@QEBAAEBV?$Vector2@M@2@XZ)
Main.obj : error LNK2001: unresolved external symbol "__declspec(dllimport) public: class sf::Vector2<float> const & __cdecl sf::Transformable::getPosition(void)const " (__imp_?getPosition@Transformable@sf@@QEBAAEBV?$Vector2@M@2@XZ)
Main.obj : error LNK2001: unresolved external symbol "__declspec(dllimport) public: void __cdecl sf::Transformable::setOrigin(float,float)" (__imp_?setOrigin@Transformable@sf@@QEAAXMM@Z)
Main.obj : error LNK2001: unresolved external symbol "__declspec(dllimport) public: void __cdecl sf::Transformable::setScale(float,float)" (__imp_?setScale@Transformable@sf@@QEAAXMM@Z)
Main.obj : error LNK2001: unresolved external symbol "__declspec(dllimport) public: void __cdecl sf::Transformable::setScale(class sf::Vector2<float> const &)" (__imp_?setScale@Transformable@sf@@QEAAXAEBV?$Vector2@M@2@@Z)
Main.obj : error LNK2001: unresolved external symbol "__declspec(dllimport) public: void __cdecl sf::Transformable::setPosition(float,float)" (__imp_?setPosition@Transformable@sf@@QEAAXMM@Z)
Main.obj : error LNK2001: unresolved external symbol "__declspec(dllimport) public: void __cdecl sf::Transformable::setPosition(class sf::Vector2<float> const &)" (__imp_?setPosition@Transformable@sf@@QEAAXAEBV?$Vector2@M@2@@Z)
Main.obj : error LNK2001: unresolved external symbol "__declspec(dllimport) public: class sf::Vector2<float> const & __cdecl sf::View::getSize(void)const " (__imp_?getSize@View@sf@@QEBAAEBV?$Vector2@M@2@XZ)
Main.obj : error LNK2001: unresolved external symbol "__declspec(dllimport) public: void __cdecl sf::View::setCenter(class sf::Vector2<float> const &)" (__imp_?setCenter@View@sf@@QEAAXAEBV?$Vector2@M@2@@Z)
Main.obj : error LNK2001: unresolved external symbol "__declspec(dllimport) public: __cdecl sf::View::View(class sf::Rect<float> const &)" (__imp_??0View@sf@@QEAA@AEBV?$Rect@M@1@@Z)
Main.obj : error LNK2001: unresolved external symbol "__declspec(dllimport) public: __cdecl sf::View::View(class sf::Vector2<float> const &,class sf::Vector2<float> const &)" (__imp_??0View@sf@@QEAA@AEBV?$Vector2@M@1@0@Z)
Main.obj : error LNK2001: unresolved external symbol "__declspec(dllimport) public: class sf::Vector2<unsigned int> __cdecl sf::Texture::getSize(void)const " (__imp_?getSize@Texture@sf@@QEBA?AV?$Vector2@I@2@XZ)
Main.obj : error LNK2001: unresolved external symbol "__declspec(dllimport) public: bool __cdecl sf::Texture::loadFromFile(class std::basic_string<char,struct std::char_traits<char>,class std::allocator<char> > const &,class sf::Rect<int> const &)" (__imp_?loadFromFile@Texture@sf@@QEAA_NAEBV?$basic_string@DU?$char_traits@D@std@@V?$allocator@D@2@@std@@AEBV?$Rect@H@2@@Z)
Main.obj : error LNK2001: unresolved external symbol "__declspec(dllimport) public: __cdecl sf::Texture::~Texture(void)" (__imp_??1Texture@sf@@QEAA@XZ)
Main.obj : error LNK2001: unresolved external symbol "__declspec(dllimport) public: __cdecl sf::Texture::Texture(void)" (__imp_??0Texture@sf@@QEAA@XZ)
Main.obj : error LNK2001: unresolved external symbol "__declspec(dllimport) public: bool __cdecl sf::Font::loadFromFile(class std::basic_string<char,struct std::char_traits<char>,class std::allocator<char> > const &)" (__imp_?loadFromFile@Font@sf@@QEAA_NAEBV?$basic_string@DU?$char_traits@D@std@@V?$allocator@D@2@@std@@@Z)
Main.obj : error LNK2001: unresolved external symbol "__declspec(dllimport) public: __cdecl sf::Font::~Font(void)" (__imp_??1Font@sf@@QEAA@XZ)
Main.obj : error LNK2001: unresolved external symbol "__declspec(dllimport) public: __cdecl sf::Font::Font(void)" (__imp_??0Font@sf@@QEAA@XZ)
Main.obj : error LNK2001: unresolved external symbol "__declspec(dllimport) public: virtual __cdecl sf::RenderWindow::~RenderWindow(void)" (__imp_??1RenderWindow@sf@@UEAA@XZ)
Main.obj : error LNK2001: unresolved external symbol "__declspec(dllimport) public: __cdecl sf::RenderWindow::RenderWindow(class sf::VideoMode,class sf::String const &,unsigned int,struct sf::ContextSettings const &)" (__imp_??0RenderWindow@sf@@QEAA@VVideoMode@1@AEBVString@1@IAEBUContextSettings@1@@Z)
Main.obj : error LNK2001: unresolved external symbol "__declspec(dllimport) public: __cdecl sf::Color::Color(unsigned char,unsigned char,unsigned char,unsigned char)" (__imp_??0Color@sf@@QEAA@EEEE@Z)
Main.obj : error LNK2001: unresolved external symbol "__declspec(dllimport) public: bool __cdecl sf::SoundBuffer::loadFromFile(class std::basic_string<char,struct std::char_traits<char>,class std::allocator<char> > const &)" (__imp_?loadFromFile@SoundBuffer@sf@@QEAA_NAEBV?$basic_string@DU?$char_traits@D@std@@V?$allocator@D@2@@std@@@Z)
Main.obj : error LNK2001: unresolved external symbol "__declspec(dllimport) public: __cdecl sf::SoundBuffer::~SoundBuffer(void)" (__imp_??1SoundBuffer@sf@@QEAA@XZ)
Main.obj : error LNK2001: unresolved external symbol "__declspec(dllimport) public: __cdecl sf::SoundBuffer::SoundBuffer(void)" (__imp_??0SoundBuffer@sf@@QEAA@XZ)
Main.obj : error LNK2001: unresolved external symbol "__declspec(dllimport) class sf::Time __cdecl sf::milliseconds(int)" (__imp_?milliseconds@sf@@YA?AVTime@1@H@Z)
Main.obj : error LNK2001: unresolved external symbol "__declspec(dllimport) public: static class sf::Color const sf::Color::Red" (__imp_?Red@Color@sf@@2V12@B)
Main.obj : error LNK2001: unresolved external symbol "__declspec(dllimport) public: virtual enum sf::SoundSource::Status __cdecl sf::Sound::getStatus(void)const " (__imp_?getStatus@Sound@sf@@UEBA?AW4Status@SoundSource@2@XZ)
Main.obj : error LNK2001: unresolved external symbol "__declspec(dllimport) public: void __cdecl sf::Sound::setBuffer(class sf::SoundBuffer const &)" (__imp_?setBuffer@Sound@sf@@QEAAXAEBVSoundBuffer@2@@Z)
Main.obj : error LNK2001: unresolved external symbol "__declspec(dllimport) public: virtual void __cdecl sf::Sound::play(void)" (__imp_?play@Sound@sf@@UEAAXXZ)
Main.obj : error LNK2001: unresolved external symbol "__declspec(dllimport) public: virtual __cdecl sf::Sound::~Sound(void)" (__imp_??1Sound@sf@@UEAA@XZ)
Main.obj : error LNK2001: unresolved external symbol "__declspec(dllimport) public: __cdecl sf::Sound::Sound(void)" (__imp_??0Sound@sf@@QEAA@XZ)
Main.obj : error LNK2001: unresolved external symbol "__declspec(dllimport) public: static class sf::Color const sf::Color::Black" (__imp_?Black@Color@sf@@2V12@B)
Main.obj : error LNK2001: unresolved external symbol "__declspec(dllimport) public: static class sf::Color const sf::Color::Yellow" (__imp_?Yellow@Color@sf@@2V12@B)
Main.obj : error LNK2001: unresolved external symbol "__declspec(dllimport) void __cdecl sf::sleep(class sf::Time)" (__imp_?sleep@sf@@YAXVTime@1@@Z)
Main.obj : error LNK2001: unresolved external symbol "__declspec(dllimport) public: void __cdecl sf::Window::display(void)" (__imp_?display@Window@sf@@QEAAXXZ)
Main.obj : error LNK2001: unresolved external symbol "__declspec(dllimport) public: void __cdecl sf::Window::setFramerateLimit(unsigned int)" (__imp_?setFramerateLimit@Window@sf@@QEAAXI@Z)
Main.obj : error LNK2001: unresolved external symbol "__declspec(dllimport) public: virtual void __cdecl sf::Window::close(void)" (__imp_?close@Window@sf@@UEAAXXZ)
Main.obj : error LNK2001: unresolved external symbol "__declspec(dllimport) public: bool __cdecl sf::WindowBase::pollEvent(class sf::Event &)" (__imp_?pollEvent@WindowBase@sf@@QEAA_NAEAVEvent@2@@Z)
Main.obj : error LNK2001: unresolved external symbol "__declspec(dllimport) public: bool __cdecl sf::WindowBase::isOpen(void)const " (__imp_?isOpen@WindowBase@sf@@QEBA_NXZ)
Main.obj : error LNK2001: unresolved external symbol "__declspec(dllimport) public: static class sf::Color const sf::Color::Transparent" (__imp_?Transparent@Color@sf@@2V12@B)
Main.obj : error LNK2001: unresolved external symbol "__declspec(dllimport) public: void __cdecl sf::RenderTarget::draw(class sf::Drawable const &,class sf::RenderStates const &)" (__imp_?draw@RenderTarget@sf@@QEAAXAEBVDrawable@2@AEBVRenderStates@2@@Z)
Main.obj : error LNK2001: unresolved external symbol "__declspec(dllimport) public: class sf::View const & __cdecl sf::RenderTarget::getDefaultView(void)const " (__imp_?getDefaultView@RenderTarget@sf@@QEBAAEBVView@2@XZ)
Main.obj : error LNK2001: unresolved external symbol "__declspec(dllimport) public: void __cdecl sf::RenderTarget::setView(class sf::View const &)" (__imp_?setView@RenderTarget@sf@@QEAAXAEBVView@2@@Z)
Main.obj : error LNK2001: unresolved external symbol "__declspec(dllimport) public: void __cdecl sf::RenderTarget::clear(class sf::Color const &)" (__imp_?clear@RenderTarget@sf@@QEAAXAEBVColor@2@@Z)
Main.obj : error LNK2001: unresolved external symbol "__declspec(dllimport) public: static bool __cdecl sf::Keyboard::isKeyPressed(enum sf::Keyboard::Key)" (__imp_?isKeyPressed@Keyboard@sf@@SA_NW4Key@12@@Z)
Main.obj : error LNK2001: unresolved external symbol "__declspec(dllimport) public: class sf::Rect<float> __cdecl sf::Shape::getGlobalBounds(void)const " (__imp_?getGlobalBounds@Shape@sf@@QEBA?AV?$Rect@M@2@XZ)
Main.obj : error LNK2001: unresolved external symbol "__declspec(dllimport) public: class sf::Rect<float> __cdecl sf::Shape::getLocalBounds(void)const " (__imp_?getLocalBounds@Shape@sf@@QEBA?AV?$Rect@M@2@XZ)
Main.obj : error LNK2001: unresolved external symbol "__declspec(dllimport) public: void __cdecl sf::Shape::setFillColor(class sf::Color const &)" (__imp_?setFillColor@Shape@sf@@QEAAXAEBVColor@2@@Z)
Main.obj : error LNK2001: unresolved external symbol "__declspec(dllimport) public: __cdecl sf::String::String(char const *,class std::locale const &)" (__imp_??0String@sf@@QEAA@PEBDAEBVlocale@std@@@Z)
Main.obj : error LNK2001: unresolved external symbol "__declspec(dllimport) public: __cdecl sf::String::String(class std::basic_string<char,struct std::char_traits<char>,class std::allocator<char> > const &,class std::locale const &)" (__imp_??0String@sf@@QEAA@AEBV?$basic_string@DU?$char_traits@D@std@@V?$allocator@D@2@@std@@AEBVlocale@3@@Z)
Main.obj : error LNK2001: unresolved external symbol "__declspec(dllimport) public: static class sf::Color const sf::Color::Cyan" (__imp_?Cyan@Color@sf@@2V12@B)
Main.obj : error LNK2001: unresolved external symbol "__declspec(dllimport) public: class sf::Vector2<float> const & __cdecl sf::RectangleShape::getSize(void)const " (__imp_?getSize@RectangleShape@sf@@QEBAAEBV?$Vector2@M@2@XZ)
Main.obj : error LNK2001: unresolved external symbol "__declspec(dllimport) public: void __cdecl sf::RectangleShape::setSize(class sf::Vector2<float> const &)" (__imp_?setSize@RectangleShape@sf@@QEAAXAEBV?$Vector2@M@2@@Z)
Main.obj : error LNK2001: unresolved external symbol "__declspec(dllimport) public: __cdecl sf::RectangleShape::RectangleShape(class sf::Vector2<float> const &)" (__imp_??0RectangleShape@sf@@QEAA@AEBV?$Vector2@M@1@@Z)
Main.obj : error LNK2001: unresolved external symbol "__declspec(dllimport) class sf::Time __cdecl sf::operator-(class sf::Time,class sf::Time)" (__imp_??Gsf@@YA?AVTime@0@V10@0@Z)
Main.obj : error LNK2001: unresolved external symbol "__declspec(dllimport) public: __cdecl sf::VideoMode::VideoMode(unsigned int,unsigned int,unsigned int)" (__imp_??0VideoMode@sf@@QEAA@III@Z)
Main.obj : error LNK2001: unresolved external symbol "__declspec(dllimport) public: class sf::Rect<float> __cdecl sf::Sprite::getGlobalBounds(void)const " (__imp_?getGlobalBounds@Sprite@sf@@QEBA?AV?$Rect@M@2@XZ)
Main.obj : error LNK2001: unresolved external symbol "__declspec(dllimport) public: class sf::Rect<float> __cdecl sf::Sprite::getLocalBounds(void)const " (__imp_?getLocalBounds@Sprite@sf@@QEBA?AV?$Rect@M@2@XZ)
Main.obj : error LNK2001: unresolved external symbol "__declspec(dllimport) public: void __cdecl sf::Sprite::setColor(class sf::Color const &)" (__imp_?setColor@Sprite@sf@@QEAAXAEBVColor@2@@Z)
Main.obj : error LNK2001: unresolved external symbol "__declspec(dllimport) public: void __cdecl sf::Sprite::setTextureRect(class sf::Rect<int> const &)" (__imp_?setTextureRect@Sprite@sf@@QEAAXAEBV?$Rect@H@2@@Z)
Main.obj : error LNK2001: unresolved external symbol "__declspec(dllimport) public: void __cdecl sf::Sprite::setTexture(class sf::Texture const &,bool)" (__imp_?setTexture@Sprite@sf@@QEAAXAEBVTexture@2@_N@Z)
Main.obj : error LNK2001: unresolved external symbol "__declspec(dllimport) public: __cdecl sf::Sprite::Sprite(void)" (__imp_??0Sprite@sf@@QEAA@XZ)
Main.obj : error LNK2001: unresolved external symbol "__declspec(dllimport) public: bool __cdecl sf::Music::openFromFile(class std::basic_string<char,struct std::char_traits<char>,class std::allocator<char> > const &)" (__imp_?openFromFile@Music@sf@@QEAA_NAEBV?$basic_string@DU?$char_traits@D@std@@V?$allocator@D@2@@std@@@Z)
Main.obj : error LNK2001: unresolved external symbol "__declspec(dllimport) public: virtual __cdecl sf::Music::~Music(void)" (__imp_??1Music@sf@@UEAA@XZ)
Main.obj : error LNK2001: unresolved external symbol "__declspec(dllimport) public: __cdecl sf::Music::Music(void)" (__imp_??0Music@sf@@QEAA@XZ)
Main.obj : error LNK2001: unresolved external symbol "__declspec(dllimport) public: void __cdecl sf::Text::setOutlineThickness(float)" (__imp_?setOutlineThickness@Text@sf@@QEAAXM@Z)
Main.obj : error LNK2001: unresolved external symbol "__declspec(dllimport) public: void __cdecl sf::Text::setOutlineColor(class sf::Color const &)" (__imp_?setOutlineColor@Text@sf@@QEAAXAEBVColor@2@@Z)
Main.obj : error LNK2001: unresolved external symbol "__declspec(dllimport) public: void __cdecl sf::Text::setFillColor(class sf::Color const &)" (__imp_?setFillColor@Text@sf@@QEAAXAEBVColor@2@@Z)
Main.obj : error LNK2001: unresolved external symbol "__declspec(dllimport) public: void __cdecl sf::Text::setCharacterSize(unsigned int)" (__imp_?setCharacterSize@Text@sf@@QEAAXI@Z)
Main.obj : error LNK2001: unresolved external symbol "__declspec(dllimport) public: void __cdecl sf::Text::setFont(class sf::Font const &)" (__imp_?setFont@Text@sf@@QEAAXAEBVFont@2@@Z)
Main.obj : error LNK2001: unresolved external symbol "__declspec(dllimport) public: void __cdecl sf::Text::setString(class sf::String const &)" (__imp_?setString@Text@sf@@QEAAXAEBVString@2@@Z)
Main.obj : error LNK2001: unresolved external symbol "__declspec(dllimport) public: __cdecl sf::Text::Text(void)" (__imp_??0Text@sf@@QEAA@XZ)
Main.obj : error LNK2001: unresolved external symbol "__declspec(dllimport) public: void __cdecl sf::SoundStream::setLoop(bool)" (__imp_?setLoop@SoundStream@sf@@QEAAX_N@Z)
Main.obj : error LNK2001: unresolved external symbol "__declspec(dllimport) public: virtual void __cdecl sf::SoundStream::pause(void)" (__imp_?pause@SoundStream@sf@@UEAAXXZ)
Main.obj : error LNK2001: unresolved external symbol "__declspec(dllimport) public: virtual void __cdecl sf::SoundStream::play(void)" (__imp_?play@SoundStream@sf@@UEAAXXZ)
Main.obj : error LNK2001: unresolved external symbol "__declspec(dllimport) public: static class sf::Vector2<int> __cdecl sf::Mouse::getPosition(class sf::WindowBase const &)" (__imp_?getPosition@Mouse@sf@@SA?AV?$Vector2@H@2@AEBVWindowBase@2@@Z)
Main.obj : error LNK2001: unresolved external symbol "__declspec(dllimport) public: static bool __cdecl sf::Mouse::isButtonPressed(enum sf::Mouse::Button)" (__imp_?isButtonPressed@Mouse@sf@@SA_NW4Button@12@@Z)
Main.obj : error LNK2001: unresolved external symbol "__declspec(dllimport) public: __cdecl sf::RectangleShape::RectangleShape(class sf::RectangleShape const &)" (__imp_??0RectangleShape@sf@@QEAA@AEBV01@@Z)
Main.obj : error LNK2001: unresolved external symbol "__declspec(dllimport) public: __cdecl sf::Sprite::Sprite(class sf::Sprite const &)" (__imp_??0Sprite@sf@@QEAA@AEBV01@@Z)
Main.obj : error LNK2001: unresolved external symbol "__declspec(dllimport) public: class sf::RectangleShape & __cdecl sf::RectangleShape::operator=(class sf::RectangleShape &&)" (__imp_??4RectangleShape@sf@@QEAAAEAV01@$$QEAV01@@Z)
Main.obj : error LNK2001: unresolved external symbol "__declspec(dllimport) public: class sf::Sprite & __cdecl sf::Sprite::operator=(class sf::Sprite &&)" (__imp_??4Sprite@sf@@QEAAAEAV01@$$QEAV01@@Z)
Main.obj : error LNK2001: unresolved external symbol "__declspec(dllimport) public: __cdecl sf::RectangleShape::RectangleShape(class sf::RectangleShape &&)" (__imp_??0RectangleShape@sf@@QEAA@$$QEAV01@@Z)
Main.obj : error LNK2001: unresolved external symbol "__declspec(dllimport) public: __cdecl sf::Sprite::Sprite(class sf::Sprite &&)" (__imp_??0Sprite@sf@@QEAA@$$QEAV01@@Z)
Main.obj : error LNK2001: unresolved external symbol "__declspec(dllimport) public: class sf::RectangleShape & __cdecl sf::RectangleShape::operator=(class sf::RectangleShape const &)" (__imp_??4RectangleShape@sf@@QEAAAEAV01@AEBV01@@Z)
Main.obj : error LNK2001: unresolved external symbol "__declspec(dllimport) public: class sf::Sprite & __cdecl sf::Sprite::operator=(class sf::Sprite const &)" (__imp_??4Sprite@sf@@QEAAAEAV01@AEBV01@@Z)
Main.obj : error LNK2001: unresolved external symbol "__declspec(dllimport) public: virtual __cdecl sf::RectangleShape::~RectangleShape(void)" (__imp_??1RectangleShape@sf@@UEAA@XZ)
Main.obj : error LNK2001: unresolved external symbol "__declspec(dllimport) public: virtual __cdecl sf::Text::~Text(void)" (__imp_??1Text@sf@@UEAA@XZ)
Main.obj : error LNK2001: unresolved external symbol "__declspec(dllimport) public: virtual __cdecl sf::Sprite::~Sprite(void)" (__imp_??1Sprite@sf@@UEAA@XZ)
Main.obj : error LNK2001: unresolved external symbol "__declspec(dllimport) public: __cdecl sf::String::~String(void)" (__imp_??1String@sf@@QEAA@XZ)
C:\Users\adamr\Documents\GitHub\Survival-UniVerse\x64\Release\SFML Template.exe : fatal error LNK1120: 100 unresolved externals
