C:\Program Files\Microsoft Visual Studio\2022\Community\MSBuild\Microsoft\VC\v170\Microsoft.CppBuild.targets(534,5): warning MSB8028: The intermediate directory (x64\Debug\) contains files shared from another project (ConsoleApplication1.vcxproj).  This can lead to incorrect clean and rebuild behavior.
  Main.cpp
C:\Users\adamr\Documents\GitHub\Survival-UniVerse\ConsoleApplication1\Main.cpp(17,37): warning C4305: 'initializing': truncation from 'double' to 'float'
C:\Users\adamr\Documents\GitHub\Survival-UniVerse\ConsoleApplication1\Main.cpp(18,35): warning C4305: 'initializing': truncation from 'double' to 'float'
C:\Users\adamr\Documents\GitHub\Survival-UniVerse\ConsoleApplication1\Main.cpp(20,25): warning C4305: 'initializing': truncation from 'double' to 'float'
C:\Users\adamr\Documents\GitHub\Survival-UniVerse\ConsoleApplication1\Main.cpp(225,28): warning C4244: 'argument': conversion from 'int' to 'float', possible loss of data
C:\Users\adamr\Documents\GitHub\Survival-UniVerse\ConsoleApplication1\Main.cpp(278,24): warning C4305: 'argument': truncation from 'double' to 'float'
C:\Users\adamr\Documents\GitHub\Survival-UniVerse\ConsoleApplication1\Main.cpp(305,114): warning C4244: 'argument': conversion from 'T' to 'T', possible loss of data
C:\Users\adamr\Documents\GitHub\Survival-UniVerse\ConsoleApplication1\Main.cpp(305,114): warning C4244:         with
C:\Users\adamr\Documents\GitHub\Survival-UniVerse\ConsoleApplication1\Main.cpp(305,114): warning C4244:         [
C:\Users\adamr\Documents\GitHub\Survival-UniVerse\ConsoleApplication1\Main.cpp(305,114): warning C4244:             T=int
C:\Users\adamr\Documents\GitHub\Survival-UniVerse\ConsoleApplication1\Main.cpp(305,114): warning C4244:         ]
C:\Users\adamr\Documents\GitHub\Survival-UniVerse\ConsoleApplication1\Main.cpp(305,114): warning C4244:         and
C:\Users\adamr\Documents\GitHub\Survival-UniVerse\ConsoleApplication1\Main.cpp(305,114): warning C4244:         [
C:\Users\adamr\Documents\GitHub\Survival-UniVerse\ConsoleApplication1\Main.cpp(305,114): warning C4244:             T=float
C:\Users\adamr\Documents\GitHub\Survival-UniVerse\ConsoleApplication1\Main.cpp(305,114): warning C4244:         ]
C:\Users\adamr\Documents\GitHub\Survival-UniVerse\ConsoleApplication1\Main.cpp(305,84): warning C4244: 'argument': conversion from 'T' to 'T', possible loss of data
C:\Users\adamr\Documents\GitHub\Survival-UniVerse\ConsoleApplication1\Main.cpp(305,84): warning C4244:         with
C:\Users\adamr\Documents\GitHub\Survival-UniVerse\ConsoleApplication1\Main.cpp(305,84): warning C4244:         [
C:\Users\adamr\Documents\GitHub\Survival-UniVerse\ConsoleApplication1\Main.cpp(305,84): warning C4244:             T=int
C:\Users\adamr\Documents\GitHub\Survival-UniVerse\ConsoleApplication1\Main.cpp(305,84): warning C4244:         ]
C:\Users\adamr\Documents\GitHub\Survival-UniVerse\ConsoleApplication1\Main.cpp(305,84): warning C4244:         and
C:\Users\adamr\Documents\GitHub\Survival-UniVerse\ConsoleApplication1\Main.cpp(305,84): warning C4244:         [
C:\Users\adamr\Documents\GitHub\Survival-UniVerse\ConsoleApplication1\Main.cpp(305,84): warning C4244:             T=float
C:\Users\adamr\Documents\GitHub\Survival-UniVerse\ConsoleApplication1\Main.cpp(305,84): warning C4244:         ]
C:\Users\adamr\Documents\GitHub\Survival-UniVerse\ConsoleApplication1\Main.cpp(321,114): warning C4244: 'argument': conversion from 'T' to 'T', possible loss of data
C:\Users\adamr\Documents\GitHub\Survival-UniVerse\ConsoleApplication1\Main.cpp(321,114): warning C4244:         with
C:\Users\adamr\Documents\GitHub\Survival-UniVerse\ConsoleApplication1\Main.cpp(321,114): warning C4244:         [
C:\Users\adamr\Documents\GitHub\Survival-UniVerse\ConsoleApplication1\Main.cpp(321,114): warning C4244:             T=int
C:\Users\adamr\Documents\GitHub\Survival-UniVerse\ConsoleApplication1\Main.cpp(321,114): warning C4244:         ]
C:\Users\adamr\Documents\GitHub\Survival-UniVerse\ConsoleApplication1\Main.cpp(321,114): warning C4244:         and
C:\Users\adamr\Documents\GitHub\Survival-UniVerse\ConsoleApplication1\Main.cpp(321,114): warning C4244:         [
C:\Users\adamr\Documents\GitHub\Survival-UniVerse\ConsoleApplication1\Main.cpp(321,114): warning C4244:             T=float
C:\Users\adamr\Documents\GitHub\Survival-UniVerse\ConsoleApplication1\Main.cpp(321,114): warning C4244:         ]
C:\Users\adamr\Documents\GitHub\Survival-UniVerse\ConsoleApplication1\Main.cpp(321,84): warning C4244: 'argument': conversion from 'T' to 'T', possible loss of data
C:\Users\adamr\Documents\GitHub\Survival-UniVerse\ConsoleApplication1\Main.cpp(321,84): warning C4244:         with
C:\Users\adamr\Documents\GitHub\Survival-UniVerse\ConsoleApplication1\Main.cpp(321,84): warning C4244:         [
C:\Users\adamr\Documents\GitHub\Survival-UniVerse\ConsoleApplication1\Main.cpp(321,84): warning C4244:             T=int
C:\Users\adamr\Documents\GitHub\Survival-UniVerse\ConsoleApplication1\Main.cpp(321,84): warning C4244:         ]
C:\Users\adamr\Documents\GitHub\Survival-UniVerse\ConsoleApplication1\Main.cpp(321,84): warning C4244:         and
C:\Users\adamr\Documents\GitHub\Survival-UniVerse\ConsoleApplication1\Main.cpp(321,84): warning C4244:         [
C:\Users\adamr\Documents\GitHub\Survival-UniVerse\ConsoleApplication1\Main.cpp(321,84): warning C4244:             T=float
C:\Users\adamr\Documents\GitHub\Survival-UniVerse\ConsoleApplication1\Main.cpp(321,84): warning C4244:         ]
C:\Users\adamr\Documents\GitHub\Survival-UniVerse\ConsoleApplication1\Main.cpp(337,117): warning C4244: 'argument': conversion from 'T' to 'T', possible loss of data
C:\Users\adamr\Documents\GitHub\Survival-UniVerse\ConsoleApplication1\Main.cpp(337,117): warning C4244:         with
C:\Users\adamr\Documents\GitHub\Survival-UniVerse\ConsoleApplication1\Main.cpp(337,117): warning C4244:         [
C:\Users\adamr\Documents\GitHub\Survival-UniVerse\ConsoleApplication1\Main.cpp(337,117): warning C4244:             T=int
C:\Users\adamr\Documents\GitHub\Survival-UniVerse\ConsoleApplication1\Main.cpp(337,117): warning C4244:         ]
C:\Users\adamr\Documents\GitHub\Survival-UniVerse\ConsoleApplication1\Main.cpp(337,117): warning C4244:         and
C:\Users\adamr\Documents\GitHub\Survival-UniVerse\ConsoleApplication1\Main.cpp(337,117): warning C4244:         [
C:\Users\adamr\Documents\GitHub\Survival-UniVerse\ConsoleApplication1\Main.cpp(337,117): warning C4244:             T=float
C:\Users\adamr\Documents\GitHub\Survival-UniVerse\ConsoleApplication1\Main.cpp(337,117): warning C4244:         ]
C:\Users\adamr\Documents\GitHub\Survival-UniVerse\ConsoleApplication1\Main.cpp(337,87): warning C4244: 'argument': conversion from 'T' to 'T', possible loss of data
C:\Users\adamr\Documents\GitHub\Survival-UniVerse\ConsoleApplication1\Main.cpp(337,87): warning C4244:         with
C:\Users\adamr\Documents\GitHub\Survival-UniVerse\ConsoleApplication1\Main.cpp(337,87): warning C4244:         [
C:\Users\adamr\Documents\GitHub\Survival-UniVerse\ConsoleApplication1\Main.cpp(337,87): warning C4244:             T=int
C:\Users\adamr\Documents\GitHub\Survival-UniVerse\ConsoleApplication1\Main.cpp(337,87): warning C4244:         ]
C:\Users\adamr\Documents\GitHub\Survival-UniVerse\ConsoleApplication1\Main.cpp(337,87): warning C4244:         and
C:\Users\adamr\Documents\GitHub\Survival-UniVerse\ConsoleApplication1\Main.cpp(337,87): warning C4244:         [
C:\Users\adamr\Documents\GitHub\Survival-UniVerse\ConsoleApplication1\Main.cpp(337,87): warning C4244:             T=float
C:\Users\adamr\Documents\GitHub\Survival-UniVerse\ConsoleApplication1\Main.cpp(337,87): warning C4244:         ]
C:\Users\adamr\Documents\GitHub\Survival-UniVerse\ConsoleApplication1\Main.cpp(353,114): warning C4244: 'argument': conversion from 'T' to 'T', possible loss of data
C:\Users\adamr\Documents\GitHub\Survival-UniVerse\ConsoleApplication1\Main.cpp(353,114): warning C4244:         with
C:\Users\adamr\Documents\GitHub\Survival-UniVerse\ConsoleApplication1\Main.cpp(353,114): warning C4244:         [
C:\Users\adamr\Documents\GitHub\Survival-UniVerse\ConsoleApplication1\Main.cpp(353,114): warning C4244:             T=int
C:\Users\adamr\Documents\GitHub\Survival-UniVerse\ConsoleApplication1\Main.cpp(353,114): warning C4244:         ]
C:\Users\adamr\Documents\GitHub\Survival-UniVerse\ConsoleApplication1\Main.cpp(353,114): warning C4244:         and
C:\Users\adamr\Documents\GitHub\Survival-UniVerse\ConsoleApplication1\Main.cpp(353,114): warning C4244:         [
C:\Users\adamr\Documents\GitHub\Survival-UniVerse\ConsoleApplication1\Main.cpp(353,114): warning C4244:             T=float
C:\Users\adamr\Documents\GitHub\Survival-UniVerse\ConsoleApplication1\Main.cpp(353,114): warning C4244:         ]
C:\Users\adamr\Documents\GitHub\Survival-UniVerse\ConsoleApplication1\Main.cpp(353,84): warning C4244: 'argument': conversion from 'T' to 'T', possible loss of data
C:\Users\adamr\Documents\GitHub\Survival-UniVerse\ConsoleApplication1\Main.cpp(353,84): warning C4244:         with
C:\Users\adamr\Documents\GitHub\Survival-UniVerse\ConsoleApplication1\Main.cpp(353,84): warning C4244:         [
C:\Users\adamr\Documents\GitHub\Survival-UniVerse\ConsoleApplication1\Main.cpp(353,84): warning C4244:             T=int
C:\Users\adamr\Documents\GitHub\Survival-UniVerse\ConsoleApplication1\Main.cpp(353,84): warning C4244:         ]
C:\Users\adamr\Documents\GitHub\Survival-UniVerse\ConsoleApplication1\Main.cpp(353,84): warning C4244:         and
C:\Users\adamr\Documents\GitHub\Survival-UniVerse\ConsoleApplication1\Main.cpp(353,84): warning C4244:         [
C:\Users\adamr\Documents\GitHub\Survival-UniVerse\ConsoleApplication1\Main.cpp(353,84): warning C4244:             T=float
C:\Users\adamr\Documents\GitHub\Survival-UniVerse\ConsoleApplication1\Main.cpp(353,84): warning C4244:         ]
C:\Users\adamr\Documents\GitHub\Survival-UniVerse\ConsoleApplication1\Main.cpp(842,15): warning C4244: 'initializing': conversion from 'double' to 'float', possible loss of data
  ConsoleApplication1.vcxproj -> C:\Users\adamr\Documents\GitHub\Survival-UniVerse\x64\Debug\SFML Template.exe
